<?xml version="1.0" encoding="UTF-8"?>
<testsuite name="com.example.practica2.Practica2ApplicationTests" tests="1" skipped="0" failures="0" errors="0" timestamp="2024-02-24T16:46:26" hostname="MacBook-Pro-Gabriel.local" time="0.701">
  <properties/>
  <testcase name="contextLoads()" classname="com.example.practica2.Practica2ApplicationTests" time="0.701"/>
  <system-out><![CDATA[12:46:19.523 [Test worker] INFO org.springframework.test.context.support.AnnotationConfigContextLoaderUtils -- Could not detect default configuration classes for test class [com.example.practica2.Practica2ApplicationTests]: Practica2ApplicationTests does not declare any static, non-private, non-final, nested classes annotated with @Configuration.
12:46:19.748 [Test worker] INFO org.springframework.boot.test.context.SpringBootTestContextBootstrapper -- Found @SpringBootConfiguration com.example.practica2.Practica2Application for test class com.example.practica2.Practica2ApplicationTests
 _______ _______         _        ______ _________ _____   ______       _        _    _    
|_   __ \_   __ \       / \     .' ___  |  _   _  |_   _|.' ___  |     / \      | |  | |   
  | |__) || |__) |     / _ \   / .'   \_|_/ | | \_| | | / .'   \_|    / _ \     | |__| |_  
  |  ___/ |  __ /     / ___ \  | |          | |     | | | |          / ___ \    |____   _| 
 _| |_   _| |  \ \_ _/ /   \ \_\ `.___.'\  _| |_   _| |_\ `.___.'\ _/ /   \ \_      _| |_  
|_____| |____| |___|____| |____|`.____ .' |_____| |_____|`.____ .'|____| |____|    |_____| 
                                                                                           
 
Powered by Spring Boot 3.2.2
2024-02-24T12:46:20.214-04:00  INFO 52656 --- [P4_Clone_Mocky] [    Test worker] c.e.practica2.Practica2ApplicationTests  : Starting Practica2ApplicationTests using Java 17.0.3 with PID 52656 (started by gabriel in /Users/gabriel/git/ICC-354/proyectos/web-avanzada/practica-4)
2024-02-24T12:46:20.217-04:00  INFO 52656 --- [P4_Clone_Mocky] [    Test worker] c.e.practica2.Practica2ApplicationTests  : No active profile set, falling back to 1 default profile: "default"
2024-02-24T12:46:21.323-04:00  INFO 52656 --- [P4_Clone_Mocky] [    Test worker] .s.d.r.c.RepositoryConfigurationDelegate : Bootstrapping Spring Data JPA repositories in DEFAULT mode.
2024-02-24T12:46:21.408-04:00  INFO 52656 --- [P4_Clone_Mocky] [    Test worker] .s.d.r.c.RepositoryConfigurationDelegate : Finished Spring Data repository scanning in 75 ms. Found 5 JPA repository interfaces.
2024-02-24T12:46:22.051-04:00  INFO 52656 --- [P4_Clone_Mocky] [    Test worker] o.hibernate.jpa.internal.util.LogHelper  : HHH000204: Processing PersistenceUnitInfo [name: default]
2024-02-24T12:46:22.120-04:00  INFO 52656 --- [P4_Clone_Mocky] [    Test worker] org.hibernate.Version                    : HHH000412: Hibernate ORM core version 6.4.1.Final
2024-02-24T12:46:22.160-04:00  INFO 52656 --- [P4_Clone_Mocky] [    Test worker] o.h.c.internal.RegionFactoryInitiator    : HHH000026: Second-level cache disabled
2024-02-24T12:46:22.472-04:00  INFO 52656 --- [P4_Clone_Mocky] [    Test worker] o.s.o.j.p.SpringPersistenceUnitInfo      : No LoadTimeWeaver setup: ignoring JPA class transformer
2024-02-24T12:46:22.516-04:00  INFO 52656 --- [P4_Clone_Mocky] [    Test worker] com.zaxxer.hikari.HikariDataSource       : HikariPool-1 - Starting...
2024-02-24T12:46:22.748-04:00  INFO 52656 --- [P4_Clone_Mocky] [    Test worker] com.zaxxer.hikari.pool.HikariPool        : HikariPool-1 - Added connection com.mysql.cj.jdbc.ConnectionImpl@7856f41a
2024-02-24T12:46:22.750-04:00  INFO 52656 --- [P4_Clone_Mocky] [    Test worker] com.zaxxer.hikari.HikariDataSource       : HikariPool-1 - Start completed.
2024-02-24T12:46:22.840-04:00  WARN 52656 --- [P4_Clone_Mocky] [    Test worker] org.hibernate.orm.deprecation            : HHH90000025: MySQLDialect does not need to be specified explicitly using 'hibernate.dialect' (remove the property setting and it will be selected by default)
2024-02-24T12:46:24.178-04:00  INFO 52656 --- [P4_Clone_Mocky] [    Test worker] o.h.e.t.j.p.i.JtaPlatformInitiator       : HHH000489: No JTA platform available (set 'hibernate.transaction.jta.platform' to enable JTA platform integration)
2024-02-24T12:46:24.430-04:00  INFO 52656 --- [P4_Clone_Mocky] [    Test worker] j.LocalContainerEntityManagerFactoryBean : Initialized JPA EntityManagerFactory for persistence unit 'default'
2024-02-24T12:46:24.854-04:00  INFO 52656 --- [P4_Clone_Mocky] [    Test worker] o.s.d.j.r.query.QueryEnhancerFactory     : Hibernate is in classpath; If applicable, HQL parser will be used.
2024-02-24T12:46:25.432-04:00  WARN 52656 --- [P4_Clone_Mocky] [    Test worker] JpaBaseConfiguration$JpaWebConfiguration : spring.jpa.open-in-view is enabled by default. Therefore, database queries may be performed during view rendering. Explicitly configure spring.jpa.open-in-view to disable this warning
2024-02-24T12:46:25.810-04:00  INFO 52656 --- [P4_Clone_Mocky] [    Test worker] o.s.s.web.DefaultSecurityFilterChain     : Will secure any request with [org.springframework.security.web.session.DisableEncodeUrlFilter@7ff395fa, org.springframework.security.web.context.request.async.WebAsyncManagerIntegrationFilter@70efc3f9, org.springframework.security.web.context.SecurityContextHolderFilter@41d34a11, org.springframework.security.web.header.HeaderWriterFilter@5cb6fac3, org.springframework.web.filter.CorsFilter@27002c5a, org.springframework.security.web.authentication.logout.LogoutFilter@71a18feb, org.springframework.security.web.authentication.UsernamePasswordAuthenticationFilter@1c027237, org.springframework.security.web.savedrequest.RequestCacheAwareFilter@53af65eb, org.springframework.security.web.servletapi.SecurityContextHolderAwareRequestFilter@2ea3f905, org.springframework.security.web.access.ExceptionTranslationFilter@18f6ee8d, org.springframework.security.web.access.intercept.AuthorizationFilter@5546a9e0]
2024-02-24T12:46:26.439-04:00  INFO 52656 --- [P4_Clone_Mocky] [    Test worker] c.e.practica2.Practica2ApplicationTests  : Started Practica2ApplicationTests in 6.503 seconds (process running for 8.493)
]]></system-out>
  <system-err><![CDATA[]]></system-err>
</testsuite>
